SF:lib\cart_manager.dart
DA:10,3
DA:19,39
DA:20,26
DA:21,13
DA:26,9
DA:28,3
DA:30,6
DA:31,14
DA:34,6
DA:36,4
DA:37,6
DA:38,2
DA:39,2
DA:40,4
DA:44,9
DA:50,12
DA:53,1
DA:54,4
DA:55,2
DA:56,4
DA:60,1
DA:61,5
DA:62,2
DA:63,3
DA:64,1
DA:65,1
DA:71,3
DA:72,6
DA:73,6
DA:76,3
DA:78,2
DA:79,6
DA:80,6
DA:81,2
DA:82,4
DA:83,6
LF:36
LH:36
end_of_record
SF:lib\main.dart
DA:12,0
DA:13,0
DA:14,0
DA:15,0
DA:16,0
DA:17,0
DA:36,5
DA:50,12
DA:51,4
DA:64,4
DA:77,4
DA:90,4
DA:103,4
DA:117,4
DA:130,4
DA:143,4
DA:156,4
DA:169,4
DA:183,4
DA:196,4
DA:209,4
DA:222,4
DA:235,4
DA:249,4
DA:262,4
DA:275,4
DA:288,4
DA:301,4
DA:315,4
DA:328,4
DA:341,4
DA:354,4
DA:367,4
DA:381,4
DA:394,4
DA:407,4
DA:421,4
DA:434,4
DA:447,4
DA:461,4
DA:474,4
DA:487,4
DA:501,4
DA:514,4
DA:527,4
DA:543,1
DA:545,0
DA:546,0
DA:552,0
DA:554,0
DA:555,0
DA:556,0
DA:559,0
DA:561,0
DA:564,0
DA:565,0
DA:567,0
DA:573,1
DA:575,0
DA:576,0
DA:585,0
DA:587,0
DA:589,0
DA:590,0
DA:591,0
DA:592,0
DA:593,0
DA:595,0
DA:596,0
DA:597,0
DA:599,0
DA:602,0
DA:603,0
DA:604,0
DA:605,0
DA:610,0
DA:612,0
DA:613,0
DA:616,0
DA:617,0
DA:618,0
DA:619,0
DA:620,0
DA:621,0
DA:626,0
DA:627,0
DA:630,0
DA:634,0
DA:635,0
DA:636,0
DA:640,0
DA:641,0
DA:643,0
DA:646,0
DA:647,0
DA:648,0
DA:651,0
DA:662,0
DA:666,0
DA:667,0
DA:669,0
DA:671,0
DA:672,0
DA:676,0
DA:679,0
DA:682,0
DA:691,0
DA:694,0
DA:697,0
DA:698,0
DA:700,0
DA:701,0
DA:708,0
DA:709,0
DA:710,0
DA:711,0
DA:712,0
DA:717,0
DA:719,0
DA:720,0
DA:721,0
DA:722,0
DA:730,0
DA:731,0
DA:732,0
DA:733,0
DA:734,0
DA:735,0
DA:738,0
DA:768,0
DA:770,0
DA:771,0
DA:772,0
DA:773,0
DA:775,0
DA:777,0
DA:779,0
DA:781,0
DA:793,0
DA:796,0
DA:797,0
DA:798,0
DA:799,0
DA:800,0
DA:802,0
DA:806,0
DA:807,0
DA:808,0
DA:820,0
DA:822,0
DA:824,0
DA:825,0
DA:836,0
DA:837,0
DA:840,0
DA:851,0
DA:852,0
DA:855,0
DA:857,0
DA:858,0
DA:859,0
DA:861,0
DA:862,0
DA:873,0
DA:874,0
DA:877,0
DA:878,0
DA:881,0
DA:891,0
DA:892,0
DA:906,0
DA:907,0
DA:908,0
DA:917,0
DA:930,0
DA:931,0
DA:934,0
DA:935,0
DA:936,0
DA:937,0
DA:938,0
DA:940,0
DA:941,0
DA:942,0
DA:944,0
DA:945,0
DA:946,0
DA:948,0
DA:949,0
DA:950,0
DA:952,0
DA:953,0
DA:954,0
DA:956,0
DA:957,0
DA:958,0
DA:965,0
DA:968,0
DA:969,0
DA:971,0
DA:972,0
DA:973,0
DA:974,0
DA:976,0
DA:977,0
DA:978,0
DA:979,0
DA:980,0
DA:981,0
DA:982,0
DA:987,0
DA:988,0
DA:989,0
DA:996,0
DA:1000,0
DA:1002,0
DA:1004,0
DA:1006,0
DA:1007,0
DA:1008,0
DA:1009,0
DA:1010,0
DA:1011,0
DA:1012,0
DA:1013,0
DA:1015,0
DA:1025,0
DA:1026,0
DA:1028,0
DA:1029,0
DA:1032,0
DA:1033,0
DA:1034,0
DA:1035,0
DA:1045,0
DA:1046,0
DA:1047,0
DA:1048,0
DA:1057,0
DA:1058,0
DA:1059,0
DA:1070,0
DA:1071,0
DA:1072,0
DA:1074,0
DA:1094,0
DA:1095,0
DA:1096,0
DA:1097,0
DA:1098,0
DA:1099,0
DA:1101,0
DA:1117,0
DA:1119,0
DA:1121,0
DA:1122,0
DA:1132,0
DA:1136,0
DA:1139,0
DA:1140,0
DA:1141,0
DA:1142,0
DA:1143,0
DA:1151,0
DA:1162,0
DA:1167,0
DA:1169,0
DA:1170,0
DA:1172,0
DA:1174,0
DA:1175,0
DA:1179,0
DA:1181,0
DA:1182,0
DA:1183,0
DA:1184,0
DA:1186,0
DA:1187,0
DA:1188,0
DA:1196,0
DA:1198,0
DA:1200,0
DA:1201,0
DA:1211,0
DA:1212,0
DA:1213,0
DA:1214,0
DA:1215,0
DA:1223,0
DA:1224,0
DA:1234,0
DA:1235,0
LF:292
LH:41
end_of_record
SF:lib\about_page.dart
DA:6,1
DA:8,1
DA:10,1
DA:11,1
DA:12,1
DA:13,1
DA:17,1
DA:20,1
DA:22,1
DA:40,1
DA:42,1
DA:45,1
DA:57,1
DA:59,1
DA:62,1
DA:74,1
DA:75,1
DA:76,1
DA:77,1
DA:78,1
DA:88,1
DA:90,1
DA:93,1
DA:108,1
DA:109,1
DA:111,1
DA:113,1
DA:120,1
DA:121,1
DA:123,1
DA:126,1
LF:31
LH:31
end_of_record
SF:lib\common_header.dart
DA:8,1
DA:10,11
DA:11,11
DA:17,1
DA:18,2
DA:19,2
DA:23,0
DA:24,0
DA:26,0
DA:28,0
DA:29,0
DA:33,0
DA:36,0
DA:39,0
DA:48,0
DA:51,0
DA:54,0
DA:55,0
DA:57,0
DA:58,0
DA:65,0
DA:66,0
DA:67,0
DA:68,0
DA:69,0
DA:74,0
DA:76,0
DA:77,0
DA:78,0
DA:79,0
DA:87,0
DA:88,0
DA:89,0
DA:90,0
DA:91,0
DA:92,0
DA:95,0
DA:125,1
DA:126,1
DA:128,1
DA:131,1
DA:132,1
DA:133,2
DA:136,1
DA:147,11
DA:149,11
DA:150,11
DA:152,11
DA:163,11
DA:166,11
DA:167,11
DA:168,11
DA:169,0
DA:170,0
DA:172,11
DA:176,11
DA:177,11
DA:178,11
DA:190,11
DA:192,11
DA:194,11
DA:195,11
DA:206,0
DA:207,0
DA:210,11
DA:211,11
DA:212,11
DA:213,11
DA:214,11
DA:218,11
DA:227,0
DA:228,0
DA:229,0
DA:231,0
DA:237,11
DA:238,22
DA:239,11
DA:240,11
DA:242,11
DA:243,11
DA:254,0
DA:255,0
DA:258,11
DA:259,1
DA:262,1
DA:272,1
DA:273,1
DA:287,11
DA:288,11
DA:289,11
DA:298,11
DA:307,11
DA:308,1
DA:311,1
DA:312,1
DA:313,1
DA:314,0
DA:315,0
DA:317,1
DA:318,0
DA:319,0
DA:321,1
DA:322,0
DA:323,0
DA:325,1
DA:326,0
DA:327,0
DA:329,1
DA:330,0
DA:331,0
DA:333,1
DA:334,0
DA:335,0
LF:113
LH:60
end_of_record
SF:lib\common_footer.dart
DA:4,1
DA:6,0
DA:8,11
DA:10,11
DA:14,11
DA:15,44
DA:18,11
DA:20,11
DA:23,44
DA:26,11
DA:28,11
DA:30,11
DA:32,11
DA:43,11
DA:45,11
DA:46,11
DA:55,11
DA:57,11
DA:59,11
DA:70,11
DA:72,11
DA:73,11
DA:78,11
DA:80,11
DA:81,11
DA:86,11
DA:88,11
DA:89,11
DA:94,11
DA:96,11
DA:97,11
DA:106,11
DA:108,11
DA:110,11
DA:121,11
DA:123,11
DA:124,11
DA:129,11
DA:131,11
DA:132,11
DA:141,11
DA:143,11
DA:145,11
DA:156,11
DA:158,11
DA:159,11
DA:164,11
DA:166,11
DA:167,11
DA:172,11
DA:174,11
DA:175,11
DA:187,11
DA:189,11
DA:190,11
DA:201,11
DA:202,22
DA:204,11
DA:205,11
DA:208,44
DA:214,11
DA:215,11
DA:216,11
DA:217,11
DA:218,11
DA:220,11
DA:221,11
DA:239,11
DA:240,11
DA:241,11
DA:267,22
DA:270,11
DA:271,22
DA:273,11
DA:274,11
DA:277,44
LF:76
LH:75
end_of_record
SF:lib\account_dashboard.dart
DA:14,0
DA:16,0
DA:17,0
DA:23,0
DA:26,0
DA:32,0
DA:35,0
DA:36,0
DA:43,0
DA:44,0
DA:45,0
DA:46,0
DA:47,0
DA:49,0
DA:50,0
DA:51,0
DA:52,0
DA:54,0
DA:56,0
DA:58,0
DA:59,0
DA:61,0
DA:64,0
DA:65,0
DA:67,0
DA:68,0
DA:69,0
DA:70,0
DA:77,0
DA:81,0
DA:83,0
DA:85,0
DA:87,0
DA:89,0
DA:90,0
DA:91,0
DA:92,0
DA:98,0
DA:99,0
DA:101,0
DA:103,0
DA:110,0
DA:111,0
DA:112,0
DA:115,0
DA:116,0
DA:118,0
DA:119,0
DA:120,0
DA:130,0
DA:131,0
DA:140,0
DA:141,0
DA:142,0
DA:145,0
DA:153,0
DA:158,0
DA:163,0
DA:168,0
DA:173,0
DA:179,0
DA:185,0
DA:186,0
DA:187,0
DA:189,0
DA:190,0
DA:191,0
DA:192,0
DA:199,0
DA:215,0
DA:220,0
DA:221,0
DA:222,0
DA:223,0
DA:224,0
DA:227,0
DA:229,0
DA:230,0
DA:231,0
DA:232,0
DA:238,0
DA:239,0
DA:240,0
DA:242,0
DA:246,0
DA:248,0
DA:251,0
DA:260,0
DA:261,0
DA:262,0
DA:263,0
DA:264,0
DA:265,0
DA:268,0
DA:269,0
DA:270,0
DA:273,0
DA:274,0
DA:275,0
DA:284,0
DA:285,0
DA:286,0
DA:287,0
DA:291,0
DA:293,0
DA:294,0
DA:295,0
DA:297,0
DA:299,0
DA:301,0
DA:311,0
DA:312,0
DA:313,0
DA:314,0
DA:315,0
DA:316,0
DA:317,0
DA:320,0
DA:321,0
DA:323,0
DA:324,0
DA:325,0
DA:326,0
DA:332,0
DA:333,0
DA:335,0
DA:344,0
DA:345,0
DA:346,0
DA:349,0
DA:350,0
DA:352,0
DA:353,0
DA:354,0
DA:364,0
DA:365,0
DA:367,0
DA:368,0
DA:369,0
DA:376,0
DA:377,0
DA:378,0
DA:380,0
DA:391,0
DA:393,0
DA:394,0
DA:400,0
DA:401,0
DA:402,0
DA:403,0
DA:404,0
DA:405,0
DA:407,0
DA:411,0
DA:412,0
DA:414,0
DA:415,0
DA:422,0
DA:424,0
DA:426,0
DA:427,0
DA:428,0
DA:429,0
DA:430,0
DA:433,0
DA:434,0
DA:435,0
DA:438,0
DA:439,0
DA:440,0
DA:449,0
DA:450,0
DA:451,0
DA:452,0
DA:456,0
DA:457,0
DA:459,0
DA:461,0
DA:462,0
DA:472,0
DA:473,0
DA:474,0
DA:475,0
DA:476,0
DA:477,0
DA:478,0
DA:479,0
DA:480,0
DA:481,0
DA:482,0
DA:483,0
DA:485,0
DA:489,0
DA:490,0
DA:491,0
DA:492,0
DA:494,0
DA:496,0
DA:497,0
DA:499,0
DA:504,0
DA:513,0
DA:514,0
DA:516,0
DA:517,0
DA:518,0
DA:519,0
DA:521,0
DA:522,0
DA:523,0
DA:526,0
DA:529,0
DA:531,0
DA:534,0
DA:538,0
DA:540,0
DA:542,0
DA:550,0
DA:551,0
DA:552,0
DA:553,0
DA:560,0
DA:561,0
DA:562,0
DA:563,0
DA:565,0
DA:567,0
DA:568,0
DA:570,0
DA:575,0
DA:576,0
DA:577,0
DA:578,0
DA:580,0
DA:581,0
DA:582,0
DA:583,0
DA:585,0
DA:586,0
DA:587,0
DA:590,0
DA:593,0
DA:595,0
DA:598,0
DA:602,0
DA:605,0
DA:607,0
DA:611,0
DA:612,0
DA:613,0
DA:615,0
DA:622,0
DA:623,0
DA:641,0
DA:642,0
DA:643,0
DA:644,0
DA:651,0
DA:653,0
DA:654,0
DA:657,0
DA:660,0
DA:663,0
DA:670,0
DA:673,0
DA:674,0
DA:675,0
DA:677,0
DA:679,0
DA:680,0
DA:682,0
DA:683,0
DA:684,0
DA:690,0
DA:693,0
DA:694,0
DA:695,0
DA:697,0
DA:698,0
DA:699,0
DA:709,0
DA:710,0
DA:711,0
DA:712,0
DA:713,0
DA:714,0
DA:715,0
DA:716,0
DA:717,0
DA:718,0
DA:719,0
DA:723,0
DA:724,0
DA:727,0
DA:734,0
DA:735,0
DA:737,0
DA:738,0
DA:739,0
DA:746,0
DA:747,0
DA:748,0
DA:750,0
DA:754,0
DA:755,0
DA:756,0
DA:759,0
DA:768,0
DA:769,0
DA:770,0
DA:771,0
DA:772,0
DA:774,0
DA:775,0
DA:777,0
DA:778,0
DA:779,0
DA:780,0
DA:782,0
DA:785,0
DA:787,0
DA:788,0
DA:789,0
DA:791,0
DA:797,0
DA:798,0
DA:811,0
DA:812,0
DA:813,0
DA:814,0
DA:816,0
DA:817,0
DA:818,0
DA:820,0
DA:822,0
DA:823,0
DA:825,0
DA:830,0
DA:831,0
DA:833,0
DA:835,0
DA:836,0
DA:841,0
DA:843,0
DA:845,0
DA:846,0
DA:851,0
DA:853,0
DA:855,0
DA:856,0
DA:861,0
DA:862,0
DA:863,0
DA:864,0
DA:865,0
DA:866,0
DA:868,0
DA:872,0
DA:873,0
DA:874,0
DA:882,0
DA:895,0
DA:896,0
DA:897,0
DA:898,0
DA:899,0
DA:901,0
DA:902,0
DA:903,0
DA:905,0
DA:907,0
DA:908,0
DA:910,0
DA:915,0
DA:916,0
DA:918,0
DA:920,0
DA:921,0
DA:926,0
DA:928,0
DA:930,0
DA:931,0
DA:936,0
DA:938,0
DA:940,0
DA:941,0
DA:946,0
DA:948,0
DA:950,0
DA:951,0
DA:956,0
DA:957,0
DA:958,0
DA:959,0
DA:960,0
DA:961,0
DA:962,0
DA:966,0
DA:967,0
DA:968,0
DA:976,0
DA:989,0
DA:990,0
DA:991,0
DA:992,0
DA:994,0
DA:995,0
DA:996,0
DA:998,0
DA:1000,0
DA:1001,0
DA:1003,0
DA:1008,0
DA:1009,0
DA:1012,0
DA:1014,0
DA:1015,0
DA:1020,0
DA:1023,0
DA:1025,0
DA:1026,0
DA:1031,0
DA:1034,0
DA:1036,0
DA:1037,0
DA:1042,0
DA:1043,0
DA:1044,0
DA:1045,0
DA:1046,0
DA:1055,0
DA:1056,0
DA:1057,0
DA:1060,0
DA:1061,0
DA:1067,0
DA:1068,0
DA:1069,0
DA:1072,0
LF:439
LH:0
end_of_record
SF:lib\services\auth_service.dart
DA:11,2
DA:12,0
DA:13,24
DA:14,2
DA:16,12
DA:17,12
DA:20,12
DA:22,12
DA:23,7
DA:25,7
DA:26,14
DA:29,3
DA:31,4
DA:33,1
DA:36,7
DA:41,10
DA:44,12
DA:46,36
DA:48,12
DA:52,1
DA:54,1
DA:55,3
DA:57,3
DA:61,0
DA:66,1
DA:68,1
DA:69,1
DA:72,0
DA:78,1
DA:79,1
DA:80,1
DA:83,1
DA:86,3
DA:87,2
DA:88,3
DA:89,2
DA:91,1
DA:94,2
DA:95,1
DA:96,1
DA:100,1
DA:101,1
DA:106,1
DA:108,1
DA:109,1
DA:112,1
DA:114,2
DA:115,3
DA:118,1
DA:122,2
DA:123,1
DA:124,1
DA:129,1
DA:130,1
DA:131,1
DA:134,1
DA:136,2
DA:137,3
DA:142,1
DA:146,2
DA:147,1
DA:148,1
DA:153,1
DA:154,1
DA:155,1
DA:158,1
DA:160,2
DA:161,3
DA:166,1
DA:170,2
DA:171,1
DA:172,1
DA:177,0
DA:178,0
DA:179,0
DA:182,0
DA:184,0
DA:186,0
DA:187,0
DA:192,0
DA:194,0
DA:195,0
DA:198,0
DA:201,0
DA:202,0
DA:207,1
DA:208,1
DA:209,1
DA:212,1
DA:214,1
DA:215,1
DA:217,1
DA:218,1
DA:222,0
DA:223,0
DA:224,0
DA:227,0
DA:229,0
DA:230,0
LF:99
LH:77
end_of_record
SF:lib\services\order_service.dart
DA:8,0
DA:10,1
DA:11,6
DA:14,1
DA:21,1
DA:24,3
DA:25,1
DA:26,2
DA:27,2
DA:28,1
DA:29,1
DA:30,4
DA:31,2
DA:32,2
DA:33,2
DA:35,1
DA:38,1
DA:40,5
DA:44,1
DA:45,3
DA:50,1
DA:51,3
DA:56,2
DA:59,3
DA:62,1
DA:67,1
DA:68,2
DA:71,1
DA:72,6
DA:75,0
DA:76,0
DA:79,0
DA:80,0
DA:83,0
DA:84,0
DA:85,0
DA:86,0
LF:37
LH:28
end_of_record
SF:lib\models\user_model.dart
DA:14,1
DA:28,0
DA:41,0
DA:42,0
DA:43,0
DA:44,0
DA:45,0
DA:46,0
DA:47,0
DA:48,0
DA:49,0
DA:50,0
DA:51,0
DA:52,0
DA:56,1
DA:57,1
DA:58,1
DA:59,1
DA:60,1
DA:61,1
DA:62,1
DA:63,1
DA:64,1
DA:65,1
DA:66,1
DA:67,2
DA:68,1
DA:72,1
DA:73,1
DA:74,1
DA:75,1
DA:76,1
DA:77,1
DA:78,1
DA:79,1
DA:80,1
DA:81,1
DA:82,1
DA:83,2
DA:84,1
LF:40
LH:27
end_of_record
SF:lib\models\order_model.dart
DA:13,1
DA:25,1
DA:26,1
DA:27,1
DA:28,1
DA:29,5
DA:30,1
DA:31,1
DA:32,2
DA:33,1
DA:34,1
DA:35,1
DA:39,1
DA:40,1
DA:41,1
DA:42,1
DA:43,1
DA:44,3
DA:45,1
DA:46,1
DA:47,1
DA:48,2
DA:49,1
DA:50,1
DA:51,1
DA:64,1
DA:73,1
DA:74,1
DA:75,1
DA:76,1
DA:77,1
DA:78,1
DA:79,1
DA:80,1
DA:84,1
DA:85,1
DA:86,1
DA:87,1
DA:88,1
DA:89,1
DA:90,1
DA:91,1
LF:42
LH:42
end_of_record
SF:lib\all_products_page.dart
DA:11,0
DA:13,1
DA:14,1
DA:22,0
DA:23,0
DA:26,1
DA:28,1
DA:29,2
DA:30,0
DA:32,2
DA:33,0
DA:37,0
DA:41,0
DA:42,0
DA:43,0
DA:45,0
DA:47,0
DA:48,0
DA:52,0
DA:55,0
DA:58,0
DA:67,0
DA:70,0
DA:73,0
DA:74,0
DA:76,0
DA:77,0
DA:84,0
DA:85,0
DA:86,0
DA:87,0
DA:92,0
DA:94,0
DA:95,0
DA:96,0
DA:97,0
DA:105,0
DA:106,0
DA:107,0
DA:108,0
DA:109,0
DA:112,0
DA:142,1
DA:144,2
DA:147,2
DA:148,0
DA:149,0
DA:150,0
DA:151,0
DA:152,0
DA:153,0
DA:157,2
DA:158,0
DA:162,1
DA:163,1
DA:164,5
DA:166,0
DA:167,0
DA:169,0
DA:170,0
DA:172,0
DA:174,0
DA:175,0
DA:178,0
DA:179,0
DA:181,0
DA:183,0
DA:184,0
DA:187,0
DA:188,0
DA:195,1
DA:196,6
DA:197,1
DA:198,2
DA:201,1
DA:203,1
DA:205,1
DA:206,1
DA:207,1
DA:208,1
DA:209,1
DA:213,1
DA:214,1
DA:216,1
DA:217,1
DA:230,2
DA:231,0
DA:234,0
DA:236,0
DA:237,0
DA:239,0
DA:241,0
DA:245,0
DA:246,0
DA:254,0
DA:255,0
DA:256,0
DA:257,0
DA:266,1
DA:269,1
DA:273,1
DA:275,1
DA:277,1
DA:278,2
DA:279,1
DA:281,1
DA:282,1
DA:284,3
DA:285,1
DA:287,1
DA:288,1
DA:292,1
DA:293,0
DA:294,0
DA:295,0
DA:302,1
DA:304,1
DA:305,2
DA:306,1
DA:308,1
DA:309,1
DA:311,1
DA:317,2
DA:318,1
DA:320,1
DA:321,1
DA:325,1
DA:326,0
DA:327,0
DA:328,0
DA:336,1
DA:339,1
DA:340,4
DA:341,1
DA:343,1
DA:351,1
DA:352,1
DA:353,1
DA:356,1
DA:367,1
DA:371,4
DA:376,3
DA:377,1
DA:394,1
DA:398,1
DA:400,1
DA:401,0
DA:402,0
DA:404,0
DA:405,0
DA:409,1
DA:411,1
DA:412,1
DA:413,1
DA:414,2
DA:416,1
DA:417,1
DA:418,1
DA:426,1
DA:428,1
DA:430,1
DA:431,2
DA:441,4
DA:442,1
DA:443,1
DA:444,1
DA:445,4
DA:453,1
DA:454,4
DA:464,1
DA:465,4
LF:171
LH:92
end_of_record
SF:lib\product_page.dart
DA:10,0
DA:12,1
DA:13,1
DA:17,0
DA:18,0
DA:21,0
DA:25,0
DA:26,0
DA:28,0
DA:30,0
DA:31,0
DA:35,0
DA:38,0
DA:41,0
DA:50,0
DA:53,0
DA:56,0
DA:57,0
DA:59,0
DA:60,0
DA:67,0
DA:68,0
DA:69,0
DA:70,0
DA:73,0
DA:79,0
DA:81,0
DA:82,0
DA:83,0
DA:84,0
DA:92,0
DA:93,0
DA:94,0
DA:95,0
DA:96,0
DA:99,0
DA:103,0
DA:133,1
DA:135,1
DA:136,1
DA:137,1
DA:138,1
DA:142,1
DA:145,1
DA:146,1
DA:147,2
DA:151,0
DA:153,0
DA:155,0
DA:157,0
DA:159,0
DA:160,0
DA:161,0
DA:163,0
DA:164,0
DA:165,0
DA:166,0
DA:168,0
DA:169,0
DA:170,0
DA:200,0
DA:202,0
DA:203,0
DA:204,0
DA:211,1
DA:213,1
DA:214,1
DA:217,1
DA:218,1
DA:219,1
DA:221,1
DA:222,1
DA:223,1
DA:224,3
DA:226,1
DA:227,1
DA:228,1
DA:253,1
DA:254,2
DA:255,1
DA:277,1
DA:282,1
DA:283,1
DA:290,1
DA:292,1
DA:294,1
DA:296,1
DA:297,4
DA:308,1
DA:309,3
DA:320,1
DA:321,3
DA:331,6
DA:332,1
DA:333,1
DA:334,1
DA:335,5
DA:343,1
DA:344,5
DA:352,1
DA:354,1
DA:356,1
DA:370,0
DA:371,0
DA:379,1
DA:382,1
DA:390,1
DA:391,1
DA:392,3
DA:393,2
DA:394,1
DA:396,1
DA:397,0
DA:398,0
DA:399,0
DA:402,1
DA:405,1
DA:407,1
DA:410,1
DA:413,1
DA:415,1
DA:416,1
DA:418,1
DA:428,1
DA:431,1
DA:434,1
DA:442,1
DA:443,1
DA:444,1
DA:445,1
DA:446,0
DA:447,0
DA:448,0
DA:449,0
DA:454,1
DA:455,1
DA:456,1
DA:457,1
DA:462,1
DA:463,2
DA:470,1
DA:471,0
DA:472,0
DA:473,0
DA:477,1
DA:478,1
DA:479,1
DA:480,1
DA:487,1
DA:490,1
DA:493,1
DA:494,0
DA:495,0
DA:496,0
DA:497,0
DA:498,0
DA:499,0
DA:503,0
DA:505,0
DA:506,0
DA:510,0
DA:513,0
DA:515,0
DA:530,0
DA:531,0
DA:533,0
DA:535,0
DA:539,0
DA:541,0
DA:542,0
DA:543,0
DA:545,0
DA:571,1
DA:574,1
DA:575,1
DA:589,1
DA:592,1
DA:600,1
DA:601,1
DA:602,3
LF:180
LH:94
end_of_record
SF:lib\cart_page.dart
DA:11,1
DA:13,1
DA:14,1
DA:21,0
DA:22,0
DA:25,0
DA:26,0
DA:29,0
DA:30,0
DA:32,0
DA:37,0
DA:38,0
DA:39,0
DA:42,0
DA:43,0
DA:44,0
DA:54,0
DA:55,0
DA:56,0
DA:62,0
DA:63,0
DA:64,0
DA:70,0
DA:71,0
DA:75,0
DA:76,0
DA:77,0
DA:78,0
DA:79,0
DA:83,0
DA:84,0
DA:85,0
DA:88,0
DA:91,0
DA:93,0
DA:95,0
DA:98,0
DA:99,0
DA:101,0
DA:106,0
DA:107,0
DA:108,0
DA:111,0
DA:112,0
DA:113,0
DA:114,0
DA:116,0
DA:126,0
DA:127,0
DA:130,0
DA:131,0
DA:132,0
DA:137,1
DA:139,2
DA:141,1
DA:142,1
DA:143,1
DA:144,1
DA:145,1
DA:149,1
DA:152,1
DA:154,1
DA:163,1
DA:164,1
DA:165,1
DA:167,1
DA:168,1
DA:183,1
DA:184,0
DA:185,0
DA:187,1
DA:211,1
DA:212,1
DA:214,1
DA:217,1
DA:218,1
DA:219,1
DA:220,2
DA:221,0
DA:222,0
DA:223,2
DA:225,1
DA:228,1
DA:229,2
DA:231,1
DA:233,1
DA:235,1
DA:236,2
DA:243,1
DA:244,1
DA:247,1
DA:248,1
DA:249,2
DA:256,1
DA:257,2
DA:258,1
DA:260,1
DA:264,2
DA:265,0
DA:266,0
DA:267,0
DA:268,0
DA:269,0
DA:278,0
DA:279,0
DA:289,1
DA:290,2
DA:296,1
DA:298,1
DA:299,1
DA:300,1
DA:301,0
DA:302,0
DA:303,0
DA:304,0
DA:306,0
DA:316,1
DA:318,1
DA:326,1
DA:330,1
DA:331,2
DA:338,1
DA:339,0
DA:340,0
DA:341,0
DA:342,0
DA:351,1
DA:353,1
DA:367,1
DA:368,0
DA:369,0
DA:370,0
DA:374,1
DA:383,1
DA:385,1
DA:386,1
DA:388,1
DA:389,1
DA:390,1
DA:393,1
DA:401,1
DA:402,4
DA:411,1
DA:413,1
DA:414,1
DA:416,0
DA:417,1
DA:426,1
DA:446,1
DA:447,0
DA:448,0
LF:151
LH:76
end_of_record
SF:lib\category_page.dart
DA:10,1
DA:12,1
DA:13,1
DA:28,1
DA:30,1
DA:31,1
DA:34,1
DA:36,2
DA:37,2
DA:38,1
DA:41,1
DA:42,1
DA:43,6
DA:44,1
DA:46,1
DA:48,0
DA:49,0
DA:50,0
DA:51,0
DA:52,0
DA:53,0
DA:56,0
DA:57,0
DA:58,0
DA:59,0
DA:61,0
DA:62,0
DA:63,0
DA:67,1
DA:68,1
DA:69,6
DA:70,1
DA:73,1
DA:74,1
DA:76,1
DA:77,0
DA:78,0
DA:79,0
DA:80,0
DA:81,1
DA:84,0
DA:85,0
DA:86,0
DA:87,0
DA:90,0
DA:91,0
DA:92,0
DA:93,0
DA:94,0
DA:95,0
DA:98,0
DA:99,0
DA:103,0
DA:104,0
DA:105,0
DA:106,0
DA:107,0
DA:108,0
DA:109,0
DA:110,0
DA:114,1
DA:115,1
DA:117,1
DA:118,1
DA:119,0
DA:121,0
DA:123,0
DA:124,0
DA:127,1
DA:128,0
DA:130,0
DA:132,0
DA:133,0
DA:136,1
DA:137,0
DA:141,1
DA:148,1
DA:149,1
DA:150,4
DA:152,4
DA:154,3
DA:155,0
DA:158,1
DA:159,2
DA:160,3
DA:163,1
DA:165,1
DA:166,1
DA:167,1
DA:169,1
DA:170,1
DA:171,1
DA:172,1
DA:177,1
DA:180,1
DA:181,1
DA:184,1
DA:186,1
DA:190,1
DA:191,1
DA:192,1
DA:193,3
DA:202,1
DA:203,4
DA:204,1
DA:206,1
DA:215,1
DA:217,1
DA:218,1
DA:220,1
DA:222,1
DA:224,1
DA:226,1
DA:227,1
DA:228,0
DA:229,0
DA:230,0
DA:234,1
DA:235,5
DA:238,1
DA:240,2
DA:247,1
DA:248,0
DA:252,0
DA:254,0
DA:255,0
DA:256,0
DA:257,0
DA:258,0
DA:264,0
DA:267,0
DA:276,0
DA:277,0
DA:278,0
DA:279,0
DA:280,0
DA:282,0
DA:285,0
DA:287,0
DA:302,0
DA:303,0
DA:304,0
DA:306,0
DA:309,0
DA:311,0
DA:324,0
DA:326,0
DA:327,0
DA:328,0
DA:332,0
DA:333,0
DA:334,0
DA:350,1
DA:351,1
DA:360,1
DA:362,1
DA:363,2
DA:365,1
DA:367,1
DA:368,1
DA:370,1
DA:375,2
DA:376,1
DA:378,1
DA:380,1
DA:381,0
DA:383,0
DA:384,0
DA:385,0
DA:399,1
DA:400,0
DA:402,0
DA:404,0
DA:405,0
DA:406,0
DA:407,0
DA:409,0
DA:412,0
DA:413,0
DA:414,0
DA:415,0
DA:417,0
DA:426,1
DA:427,2
DA:429,1
DA:430,1
DA:431,1
DA:434,1
DA:437,1
DA:439,1
DA:441,1
DA:445,1
DA:447,1
DA:449,1
DA:455,0
DA:465,0
DA:466,0
DA:467,0
DA:468,0
DA:469,0
DA:470,0
DA:472,0
DA:473,0
DA:474,0
DA:478,0
DA:479,0
DA:481,0
DA:483,0
DA:485,0
DA:487,0
DA:489,0
DA:490,0
DA:491,0
DA:492,0
DA:493,0
DA:496,0
DA:497,0
DA:500,0
DA:501,0
DA:502,0
DA:516,0
DA:517,0
DA:519,0
DA:522,0
DA:523,0
DA:524,0
DA:533,0
DA:534,0
DA:535,0
DA:536,0
DA:537,0
DA:538,0
DA:547,0
DA:548,0
DA:549,0
DA:551,0
DA:559,0
DA:560,0
DA:578,1
DA:580,0
DA:582,0
DA:584,0
DA:585,0
DA:586,0
DA:587,0
DA:588,0
DA:593,0
DA:594,0
DA:596,0
DA:597,0
DA:599,0
DA:606,0
DA:607,0
DA:608,0
DA:611,0
DA:612,0
DA:613,0
DA:614,0
DA:615,0
DA:618,0
DA:619,0
DA:620,0
DA:621,0
DA:624,0
DA:627,0
DA:631,0
DA:634,0
DA:636,0
DA:638,0
DA:639,0
DA:640,0
DA:641,0
DA:654,0
DA:655,0
DA:656,0
DA:659,0
DA:661,0
DA:663,0
DA:671,0
DA:673,0
DA:674,0
DA:675,0
DA:676,0
DA:677,0
DA:682,0
DA:683,0
DA:685,0
DA:686,0
DA:688,0
LF:289
LH:99
end_of_record
SF:lib\collections_page.dart
DA:8,1
DA:11,1
DA:12,1
DA:14,2
DA:15,2
DA:16,3
DA:23,1
DA:25,1
DA:26,3
DA:28,1
DA:29,1
DA:30,1
DA:31,1
DA:35,1
DA:38,1
DA:39,1
DA:42,1
DA:44,1
DA:48,1
DA:49,1
DA:60,1
DA:62,1
DA:64,1
DA:73,1
DA:75,1
DA:76,1
DA:77,1
DA:87,1
DA:88,1
DA:89,1
DA:90,1
DA:92,1
DA:111,1
DA:113,1
DA:114,0
DA:115,0
DA:117,1
DA:118,1
DA:120,2
DA:121,1
DA:122,1
DA:123,1
DA:129,1
DA:131,1
DA:133,1
DA:136,1
DA:137,1
DA:138,1
DA:139,1
DA:140,1
DA:143,1
DA:150,1
DA:151,1
DA:152,1
DA:155,1
DA:156,1
DA:157,1
DA:163,1
DA:164,1
DA:166,1
DA:167,1
LF:61
LH:59
end_of_record
SF:lib\login_page.dart
DA:10,1
DA:12,1
DA:13,1
DA:22,1
DA:24,2
DA:25,2
DA:26,1
DA:29,0
DA:30,0
DA:31,0
DA:32,0
DA:33,0
DA:36,0
DA:37,0
DA:38,0
DA:39,0
DA:49,1
DA:51,1
DA:52,1
DA:53,1
DA:54,1
DA:55,1
DA:61,1
DA:62,1
DA:66,1
DA:68,1
DA:69,1
DA:70,1
DA:71,1
DA:77,1
DA:78,1
DA:79,1
DA:81,1
DA:92,1
DA:94,1
DA:96,1
DA:103,1
DA:104,1
DA:106,1
DA:110,1
DA:111,1
DA:113,1
DA:114,1
DA:121,0
DA:122,0
DA:125,0
DA:134,1
DA:135,1
DA:136,1
DA:137,1
DA:141,1
DA:142,1
DA:143,1
DA:147,0
DA:148,0
DA:149,0
DA:153,1
DA:154,1
DA:156,1
DA:157,1
DA:164,0
DA:165,0
DA:168,0
DA:177,1
DA:179,1
DA:180,0
DA:194,1
DA:195,1
DA:196,1
DA:200,1
DA:201,1
DA:216,1
DA:217,1
DA:218,3
DA:219,1
DA:221,1
DA:223,1
DA:224,1
DA:229,3
DA:235,1
DA:236,0
DA:238,0
DA:239,0
DA:240,0
DA:245,1
DA:249,1
DA:250,1
DA:251,2
DA:256,1
DA:257,0
DA:259,0
DA:260,0
DA:261,0
DA:266,1
DA:270,1
DA:271,1
DA:278,1
DA:279,1
DA:280,3
DA:281,1
DA:283,1
DA:285,1
DA:286,1
DA:291,3
DA:297,1
DA:299,1
DA:300,1
DA:302,1
DA:303,1
DA:306,1
DA:307,0
DA:308,0
DA:310,1
LF:113
LH:84
end_of_record
SF:lib\router\app_router.dart
DA:19,0
LF:1
LH:0
end_of_record
SF:lib\print_shack_page.dart
DA:8,1
DA:10,1
DA:11,1
DA:22,1
DA:23,6
DA:26,0
DA:27,0
DA:28,0
DA:32,0
DA:33,0
DA:34,0
DA:35,0
DA:36,0
DA:41,1
DA:43,2
DA:44,1
DA:46,1
DA:49,0
DA:52,0
DA:55,0
DA:65,0
DA:66,0
DA:67,0
DA:68,0
DA:69,0
DA:70,0
DA:72,0
DA:73,0
DA:74,0
DA:77,0
DA:85,0
DA:87,0
DA:96,0
DA:97,0
DA:98,0
DA:100,0
DA:101,0
DA:105,1
DA:107,1
DA:108,1
DA:109,1
DA:110,1
DA:111,1
DA:115,1
DA:118,1
DA:120,1
DA:122,1
DA:124,1
DA:126,1
DA:128,1
DA:129,1
DA:130,1
DA:131,1
DA:137,1
DA:138,1
DA:147,1
DA:150,1
DA:151,1
DA:152,1
DA:153,2
DA:156,1
DA:159,5
DA:160,3
DA:161,1
DA:163,0
DA:166,0
DA:176,1
DA:187,1
DA:189,1
DA:191,1
DA:193,1
DA:194,1
DA:195,1
DA:196,1
DA:202,1
DA:204,1
DA:213,1
DA:215,1
DA:217,1
DA:223,1
DA:225,1
DA:226,1
DA:227,1
DA:229,1
DA:231,1
DA:232,1
DA:234,1
DA:235,1
DA:236,3
DA:237,1
DA:239,1
DA:242,1
DA:243,3
DA:244,1
DA:246,1
DA:251,1
DA:252,3
DA:275,5
DA:276,1
DA:277,1
DA:279,1
DA:281,1
DA:282,1
DA:283,1
DA:284,1
DA:286,1
DA:287,2
DA:288,1
DA:290,1
DA:292,1
DA:294,1
DA:301,0
DA:302,0
DA:306,3
DA:307,0
DA:310,0
DA:315,1
DA:318,1
DA:319,1
DA:322,1
DA:327,1
DA:330,1
DA:337,1
DA:338,1
DA:339,3
DA:340,2
DA:341,1
DA:343,1
DA:344,0
DA:345,0
DA:346,0
DA:349,1
DA:352,1
DA:356,1
DA:359,1
DA:362,1
DA:364,1
DA:365,1
DA:367,1
DA:372,1
DA:379,1
DA:382,1
DA:385,1
DA:388,1
DA:389,1
DA:390,1
DA:393,1
DA:394,1
LF:148
LH:111
end_of_record
SF:lib\signup_page.dart
DA:10,1
DA:12,1
DA:13,1
DA:26,1
DA:28,2
DA:29,2
DA:30,2
DA:31,2
DA:32,1
DA:35,0
DA:36,0
DA:37,0
DA:38,0
DA:47,0
DA:48,0
DA:49,0
DA:50,0
DA:53,0
DA:54,0
DA:55,0
DA:56,0
DA:66,1
DA:68,1
DA:69,1
DA:70,1
DA:71,1
DA:72,1
DA:78,1
DA:79,1
DA:83,1
DA:85,1
DA:86,1
DA:87,1
DA:88,1
DA:94,1
DA:95,1
DA:96,1
DA:98,1
DA:109,1
DA:111,1
DA:113,1
DA:120,1
DA:121,1
DA:122,1
DA:126,1
DA:127,1
DA:129,1
DA:130,1
DA:137,0
DA:138,0
DA:147,1
DA:148,1
DA:150,1
DA:154,1
DA:155,1
DA:157,1
DA:158,1
DA:165,0
DA:166,0
DA:169,0
DA:178,1
DA:179,1
DA:180,1
DA:181,1
DA:185,1
DA:186,1
DA:187,1
DA:191,0
DA:192,0
DA:193,0
DA:197,1
DA:198,1
DA:200,1
DA:201,1
DA:208,0
DA:209,0
DA:212,0
DA:221,1
DA:222,1
DA:223,1
DA:224,1
DA:228,1
DA:229,1
DA:230,1
DA:234,0
DA:235,0
DA:236,0
DA:237,0
DA:241,1
DA:242,1
DA:244,1
DA:245,1
DA:252,0
DA:253,0
DA:256,0
DA:265,1
DA:267,1
DA:268,1
DA:269,1
DA:270,0
DA:271,0
DA:272,0
DA:277,1
DA:278,1
DA:280,1
DA:281,0
DA:282,0
DA:283,0
DA:286,1
DA:287,1
DA:288,1
DA:289,1
DA:312,1
DA:313,1
DA:314,1
DA:318,1
DA:319,1
DA:334,1
DA:335,1
DA:336,3
DA:337,1
DA:339,1
DA:341,1
DA:342,1
DA:347,3
DA:353,1
DA:354,0
DA:356,0
DA:357,0
DA:358,0
DA:363,1
DA:367,1
DA:368,1
DA:369,2
DA:374,1
DA:375,0
DA:377,0
DA:378,0
DA:379,0
DA:384,1
DA:388,1
DA:389,1
DA:396,1
DA:397,1
DA:398,3
DA:399,1
DA:401,1
DA:403,1
DA:404,1
DA:409,3
DA:415,1
DA:417,1
DA:418,1
DA:420,1
DA:421,1
DA:424,1
DA:425,0
DA:426,0
DA:428,1
LF:159
LH:113
end_of_record
SF:lib\sales_page.dart
DA:8,1
DA:10,1
DA:11,5
DA:14,1
DA:16,1
DA:18,1
DA:19,1
DA:20,1
DA:21,1
DA:22,1
DA:26,1
DA:36,1
DA:37,1
DA:48,1
DA:50,1
DA:52,1
DA:56,1
DA:57,2
DA:58,1
DA:60,1
DA:70,1
DA:71,1
DA:72,2
DA:73,1
DA:76,1
DA:80,1
DA:81,0
DA:82,0
DA:84,0
DA:85,0
DA:88,0
DA:91,0
DA:93,0
DA:95,0
DA:101,1
DA:102,1
DA:103,2
DA:104,2
DA:105,1
DA:109,1
DA:117,1
DA:118,1
DA:119,1
DA:120,1
DA:141,1
DA:143,1
DA:145,2
DA:146,10
DA:149,1
DA:150,0
DA:151,0
DA:153,0
DA:154,0
DA:158,1
DA:159,1
DA:161,1
DA:162,1
DA:163,1
DA:164,1
DA:170,1
DA:172,1
DA:174,1
DA:175,1
DA:176,1
DA:178,1
DA:181,1
DA:182,2
DA:184,1
DA:185,1
DA:186,1
DA:196,1
DA:199,1
DA:202,1
DA:204,1
DA:206,1
DA:207,1
DA:219,1
DA:221,1
DA:223,1
DA:224,1
DA:225,2
DA:226,1
DA:228,1
DA:233,1
DA:234,2
DA:243,1
DA:244,1
DA:245,1
DA:246,4
DA:254,1
DA:255,4
DA:256,1
DA:258,1
DA:265,1
DA:266,7
LF:95
LH:83
end_of_record
